<?xml version="1.0" encoding="UTF-8"?>
<coverage generated="1636410784781" clover="3.2.0">
  <project timestamp="1636410784781" name="All files">
    <metrics statements="17" coveredstatements="8" conditionals="12" coveredconditionals="4" methods="8" coveredmethods="3" elements="37" coveredelements="15" complexity="0" loc="17" ncloc="17" packages="1" files="1" classes="1"/>
    <file name="compte.js" path="C:\Users\Station\Desktop\workshop_dom_ii\src\lib\kernell\compte.js">
      <metrics statements="17" coveredstatements="8" conditionals="12" coveredconditionals="4" methods="8" coveredmethods="3"/>
      <line num="1" count="1" type="stmt"/>
      <line num="3" count="3" type="stmt"/>
      <line num="4" count="3" type="stmt"/>
      <line num="5" count="3" type="stmt"/>
      <line num="9" count="2" type="stmt"/>
      <line num="13" count="3" type="cond" truecount="4" falsecount="0"/>
      <line num="14" count="1" type="stmt"/>
      <line num="16" count="2" type="stmt"/>
      <line num="21" count="0" type="stmt"/>
      <line num="25" count="0" type="cond" truecount="0" falsecount="4"/>
      <line num="26" count="0" type="stmt"/>
      <line num="28" count="0" type="stmt"/>
      <line num="33" count="0" type="stmt"/>
      <line num="37" count="0" type="cond" truecount="0" falsecount="4"/>
      <line num="38" count="0" type="stmt"/>
      <line num="40" count="0" type="stmt"/>
      <line num="45" count="0" type="stmt"/>
    </file>
  </project>
</coverage>
