{"C:\\Users\\Station\\Desktop\\workshop_dom_ii\\src\\lib\\kernell\\compte.js": {"path":"C:\\Users\\Station\\Desktop\\workshop_dom_ii\\src\\lib\\kernell\\compte.js","statementMap":{"0":{"start":{"line":1,"column":0},"end":{"line":52,"column":1}},"1":{"start":{"line":3,"column":8},"end":{"line":3,"column":23}},"2":{"start":{"line":4,"column":8},"end":{"line":4,"column":25}},"3":{"start":{"line":5,"column":8},"end":{"line":5,"column":39}},"4":{"start":{"line":9,"column":8},"end":{"line":9,"column":25}},"5":{"start":{"line":13,"column":8},"end":{"line":17,"column":9}},"6":{"start":{"line":14,"column":12},"end":{"line":14,"column":28}},"7":{"start":{"line":16,"column":12},"end":{"line":16,"column":98}},"8":{"start":{"line":21,"column":8},"end":{"line":21,"column":26}},"9":{"start":{"line":25,"column":8},"end":{"line":29,"column":9}},"10":{"start":{"line":26,"column":12},"end":{"line":26,"column":29}},"11":{"start":{"line":28,"column":12},"end":{"line":28,"column":99}},"12":{"start":{"line":33,"column":8},"end":{"line":33,"column":33}},"13":{"start":{"line":37,"column":8},"end":{"line":41,"column":9}},"14":{"start":{"line":38,"column":12},"end":{"line":38,"column":36}},"15":{"start":{"line":40,"column":12},"end":{"line":40,"column":92}},"16":{"start":{"line":45,"column":8},"end":{"line":50,"column":11}}},"fnMap":{"0":{"name":"(anonymous_0)","decl":{"start":{"line":2,"column":4},"end":{"line":2,"column":5}},"loc":{"start":{"line":2,"column":40},"end":{"line":6,"column":5}},"line":2},"1":{"name":"(anonymous_1)","decl":{"start":{"line":8,"column":4},"end":{"line":8,"column":5}},"loc":{"start":{"line":8,"column":14},"end":{"line":10,"column":5}},"line":8},"2":{"name":"(anonymous_2)","decl":{"start":{"line":12,"column":4},"end":{"line":12,"column":5}},"loc":{"start":{"line":12,"column":19},"end":{"line":18,"column":5}},"line":12},"3":{"name":"(anonymous_3)","decl":{"start":{"line":20,"column":4},"end":{"line":20,"column":5}},"loc":{"start":{"line":20,"column":15},"end":{"line":22,"column":5}},"line":20},"4":{"name":"(anonymous_4)","decl":{"start":{"line":24,"column":4},"end":{"line":24,"column":5}},"loc":{"start":{"line":24,"column":20},"end":{"line":30,"column":5}},"line":24},"5":{"name":"(anonymous_5)","decl":{"start":{"line":32,"column":4},"end":{"line":32,"column":5}},"loc":{"start":{"line":32,"column":22},"end":{"line":34,"column":5}},"line":32},"6":{"name":"(anonymous_6)","decl":{"start":{"line":36,"column":4},"end":{"line":36,"column":5}},"loc":{"start":{"line":36,"column":27},"end":{"line":42,"column":5}},"line":36},"7":{"name":"(anonymous_7)","decl":{"start":{"line":44,"column":4},"end":{"line":44,"column":5}},"loc":{"start":{"line":44,"column":15},"end":{"line":51,"column":5}},"line":44}},"branchMap":{"0":{"loc":{"start":{"line":13,"column":8},"end":{"line":17,"column":9}},"type":"if","locations":[{"start":{"line":13,"column":8},"end":{"line":17,"column":9}},{"start":{"line":15,"column":13},"end":{"line":17,"column":9}}],"line":13},"1":{"loc":{"start":{"line":13,"column":11},"end":{"line":13,"column":53}},"type":"binary-expr","locations":[{"start":{"line":13,"column":11},"end":{"line":13,"column":35}},{"start":{"line":13,"column":39},"end":{"line":13,"column":53}}],"line":13},"2":{"loc":{"start":{"line":25,"column":8},"end":{"line":29,"column":9}},"type":"if","locations":[{"start":{"line":25,"column":8},"end":{"line":29,"column":9}},{"start":{"line":27,"column":13},"end":{"line":29,"column":9}}],"line":25},"3":{"loc":{"start":{"line":25,"column":11},"end":{"line":25,"column":54}},"type":"binary-expr","locations":[{"start":{"line":25,"column":11},"end":{"line":25,"column":35}},{"start":{"line":25,"column":39},"end":{"line":25,"column":54}}],"line":25},"4":{"loc":{"start":{"line":37,"column":8},"end":{"line":41,"column":9}},"type":"if","locations":[{"start":{"line":37,"column":8},"end":{"line":41,"column":9}},{"start":{"line":39,"column":13},"end":{"line":41,"column":9}}],"line":37},"5":{"loc":{"start":{"line":37,"column":11},"end":{"line":37,"column":55}},"type":"binary-expr","locations":[{"start":{"line":37,"column":11},"end":{"line":37,"column":35}},{"start":{"line":37,"column":39},"end":{"line":37,"column":55}}],"line":37}},"s":{"0":1,"1":3,"2":3,"3":3,"4":2,"5":3,"6":1,"7":2,"8":0,"9":0,"10":0,"11":0,"12":0,"13":0,"14":0,"15":0,"16":0},"f":{"0":3,"1":2,"2":3,"3":0,"4":0,"5":0,"6":0,"7":0},"b":{"0":[1,2],"1":[3,2],"2":[0,0],"3":[0,0],"4":[0,0],"5":[0,0]},"inputSourceMap":null,"_coverageSchema":"1a1c01bbd47fc00a2c39e90264f33305004495a9","hash":"4960ba61af74e754dfb8a8d256a34dd49b22bedb"}
}
